<?xml version="1.0" encoding="UTF-8"?>
<testsuite xmlns:xsi="http://www.w3.org/2001/XMLSchema-instance" xsi:noNamespaceSchemaLocation="https://maven.apache.org/surefire/maven-surefire-plugin/xsd/surefire-test-report-3.0.xsd" version="3.0" name="org.example.runners.testRunner" time="191.292" tests="8" errors="0" skipped="0" failures="0">
  <properties>
[...]
</properties>
  <testcase name="user could register with valid data" classname="user should be able to register to the E-commerce site" time="53.669">
    <system-out><![CDATA[
@regression @closeRegister
Scenario: user could register with valid data                  # src/resources/features/F01_Register.feature:4
  Given user navigate to signup page                           # org.example.stepDefinition.D01_RegisterStepDefinition.user_navigate_to_signup_page()
  When user enter valid data                                   # org.example.stepDefinition.D01_RegisterStepDefinition.user_enter_valid_data()
  And user click create account button                         # org.example.stepDefinition.D01_RegisterStepDefinition.user_click_create_account_button()
  Then user can create account successfully and go to homepage # org.example.stepDefinition.D01_RegisterStepDefinition.user_can_create_account_successfully_and_go_to_homepage()
]]></system-out>
    <system-err><![CDATA[SLF4J: Failed to load class "org.slf4j.impl.StaticLoggerBinder".
SLF4J: Defaulting to no-operation (NOP) logger implementation
SLF4J: See http://www.slf4j.org/codes.html#StaticLoggerBinder for further details.
Starting ChromeDriver 108.0.5359.71 (1e0e3868ee06e91ad636a874420e3ca3ae3756ac-refs/branch-heads/5359@{#1016}) on port 45317
Only local connections are allowed.
Please see https://chromedriver.chromium.org/security-considerations for suggestions on keeping ChromeDriver safe.
ChromeDriver was started successfully.
Dec 20, 2022 2:44:58 PM org.openqa.selenium.devtools.CdpVersionFinder findNearestMatch
WARNING: Unable to find an exact match for CDP version 108, so returning the closest version found: 107
]]></system-err>
  </testcase>
  <testcase name="user could login with valid data" classname="user should be able to login to the E-commerce site" time="25.826">
    <system-out><![CDATA[
@regression @closeLogin
Scenario: user could login with valid data                                     # src/resources/features/F02_Login.feature:4
  Given user navigate to login page                                            # org.example.stepDefinition.D02_LoginStepDefinition.user_navigate_to_login_page()
  When user enter valid "victoria_victoria@nopCommerce.com" and valid "123456" # org.example.stepDefinition.D02_LoginStepDefinition.userEnterValidAndValid(java.lang.String,java.lang.String)
  And user click login button                                                  # org.example.stepDefinition.D02_LoginStepDefinition.user_click_login_button()
  Then user can login successfully and go homepage                             # org.example.stepDefinition.D02_LoginStepDefinition.user_can_login_successfully_and_go_homepage()
]]></system-out>
    <system-err><![CDATA[Starting ChromeDriver 108.0.5359.71 (1e0e3868ee06e91ad636a874420e3ca3ae3756ac-refs/branch-heads/5359@{#1016}) on port 5080
Only local connections are allowed.
Please see https://chromedriver.chromium.org/security-considerations for suggestions on keeping ChromeDriver safe.
ChromeDriver was started successfully.
Dec 20, 2022 2:45:28 PM org.openqa.selenium.devtools.CdpVersionFinder findNearestMatch
WARNING: Unable to find an exact match for CDP version 108, so returning the closest version found: 107
]]></system-err>
  </testcase>
  <testcase name="logged user can switch between currencies" classname="Logged User could switch between currencies US-Euro" time="23.187">
    <system-out><![CDATA[
@regression @closeswitchCurrency
Scenario: logged user can switch between currencies # src/resources/features/F03_Currencies.feature:4
  Given user login with valid username and password # org.example.stepDefinition.D03_CurrenciesStepDefinition.user_login_with_valid_username_and_password()
  When user switch between currencies               # org.example.stepDefinition.D03_CurrenciesStepDefinition.user_switch_between_currencies()
€1032.00
€1548.00
€210.70
€21.50
  Then currency of product changed                  # org.example.stepDefinition.D03_CurrenciesStepDefinition.currency_of_product_changed()
]]></system-out>
    <system-err><![CDATA[Starting ChromeDriver 108.0.5359.71 (1e0e3868ee06e91ad636a874420e3ca3ae3756ac-refs/branch-heads/5359@{#1016}) on port 23748
Only local connections are allowed.
Please see https://chromedriver.chromium.org/security-considerations for suggestions on keeping ChromeDriver safe.
ChromeDriver was started successfully.
Dec 20, 2022 2:45:51 PM org.openqa.selenium.devtools.CdpVersionFinder findNearestMatch
WARNING: Unable to find an exact match for CDP version 108, so returning the closest version found: 107
]]></system-err>
  </testcase>
  <testcase name="user can search for products #1" classname="Logged User could search for any product" time="14.797">
    <system-out><![CDATA[
@regression @QuitSearchProduct
Scenario Outline: user can search for products                            # src/resources/features/F04_Search.feature:11
  Given user navigate to login page and enter valid username and password # org.example.stepDefinition.D04_SearchProductStepDefinition.user_navigate_to_login_page_and_enter_valid_username_and_password()
  When user search for product by "macbook"                               # org.example.stepDefinition.D04_SearchProductStepDefinition.userSearchForProductBy(java.lang.String)
  And click search button                                                 # org.example.stepDefinition.D04_SearchProductStepDefinition.click_search_button()
Apple MacBook Pro 13-inch
  Then redirect to search page that contain "macbook"                     # org.example.stepDefinition.D04_SearchProductStepDefinition.redirectToSearchPageThatContain(java.lang.String)
]]></system-out>
    <system-err><![CDATA[Starting ChromeDriver 108.0.5359.71 (1e0e3868ee06e91ad636a874420e3ca3ae3756ac-refs/branch-heads/5359@{#1016}) on port 40166
Only local connections are allowed.
Please see https://chromedriver.chromium.org/security-considerations for suggestions on keeping ChromeDriver safe.
ChromeDriver was started successfully.
Dec 20, 2022 2:46:10 PM org.openqa.selenium.devtools.CdpVersionFinder findNearestMatch
WARNING: Unable to find an exact match for CDP version 108, so returning the closest version found: 107
]]></system-err>
  </testcase>
  <testcase name="user can search for products #2" classname="Logged User could search for any product" time="15.988">
    <system-out><![CDATA[
@regression @QuitSearchProduct
Scenario Outline: user can search for products                            # src/resources/features/F04_Search.feature:12
  Given user navigate to login page and enter valid username and password # org.example.stepDefinition.D04_SearchProductStepDefinition.user_navigate_to_login_page_and_enter_valid_username_and_password()
  When user search for product by "laptop"                                # org.example.stepDefinition.D04_SearchProductStepDefinition.userSearchForProductBy(java.lang.String)
  And click search button                                                 # org.example.stepDefinition.D04_SearchProductStepDefinition.click_search_button()
Asus N551JK-XO076H Laptop
Lenovo Thinkpad X1 Carbon Laptop
  Then redirect to search page that contain "laptop"                      # org.example.stepDefinition.D04_SearchProductStepDefinition.redirectToSearchPageThatContain(java.lang.String)
]]></system-out>
    <system-err><![CDATA[Starting ChromeDriver 108.0.5359.71 (1e0e3868ee06e91ad636a874420e3ca3ae3756ac-refs/branch-heads/5359@{#1016}) on port 43652
Only local connections are allowed.
Please see https://chromedriver.chromium.org/security-considerations for suggestions on keeping ChromeDriver safe.
ChromeDriver was started successfully.
Dec 20, 2022 2:46:24 PM org.openqa.selenium.devtools.CdpVersionFinder findNearestMatch
WARNING: Unable to find an exact match for CDP version 108, so returning the closest version found: 107
]]></system-err>
  </testcase>
  <testcase name="user can search for products #3" classname="Logged User could search for any product" time="25.189">
    <system-out><![CDATA[
@regression @QuitSearchProduct
Scenario Outline: user can search for products                            # src/resources/features/F04_Search.feature:13
  Given user navigate to login page and enter valid username and password # org.example.stepDefinition.D04_SearchProductStepDefinition.user_navigate_to_login_page_and_enter_valid_username_and_password()
  When user search for product by "nike"                                  # org.example.stepDefinition.D04_SearchProductStepDefinition.userSearchForProductBy(java.lang.String)
  And click search button                                                 # org.example.stepDefinition.D04_SearchProductStepDefinition.click_search_button()
Nike Floral Roshe Customized Running Shoes
Nike SB Zoom Stefan Janoski "Medium Mint"
Nike Tailwind Loose Short-Sleeve Running Shirt
  Then redirect to search page that contain "nike"                        # org.example.stepDefinition.D04_SearchProductStepDefinition.redirectToSearchPageThatContain(java.lang.String)
]]></system-out>
    <system-err><![CDATA[Starting ChromeDriver 108.0.5359.71 (1e0e3868ee06e91ad636a874420e3ca3ae3756ac-refs/branch-heads/5359@{#1016}) on port 5797
Only local connections are allowed.
Please see https://chromedriver.chromium.org/security-considerations for suggestions on keeping ChromeDriver safe.
ChromeDriver was started successfully.
Dec 20, 2022 2:46:43 PM org.openqa.selenium.devtools.CdpVersionFinder findNearestMatch
WARNING: Unable to find an exact match for CDP version 108, so returning the closest version found: 107
]]></system-err>
  </testcase>
  <testcase name="user could rest password with valid Email" classname="User could reset his/her password successfully" time="19.291">
    <system-out><![CDATA[
@regression @closeRestPassword
Scenario: user could rest password with valid Email        # src/resources/features/F07_ResetPassword.feature:4
  Given user navigate to home page                         # org.example.stepDefinition.D05_ResetPasswordStepDefinition.user_navigate_to_home_page()
  When user click forget password button                   # org.example.stepDefinition.D05_ResetPasswordStepDefinition.user_click_forget_password_button()
  And user enter valid Email and user click recover Button # org.example.stepDefinition.D05_ResetPasswordStepDefinition.user_enter_valid_Email_and_user_click_recover_Button()
  Then user recieve Instruction mail to rest password      # org.example.stepDefinition.D05_ResetPasswordStepDefinition.user_recieve_Instruction_mail_to_rest_password()
]]></system-out>
    <system-err><![CDATA[Starting ChromeDriver 108.0.5359.71 (1e0e3868ee06e91ad636a874420e3ca3ae3756ac-refs/branch-heads/5359@{#1016}) on port 8033
Only local connections are allowed.
Please see https://chromedriver.chromium.org/security-considerations for suggestions on keeping ChromeDriver safe.
ChromeDriver was started successfully.
Dec 20, 2022 2:47:09 PM org.openqa.selenium.devtools.CdpVersionFinder findNearestMatch
WARNING: Unable to find an exact match for CDP version 108, so returning the closest version found: 107
]]></system-err>
  </testcase>
  <testcase name="logged user can add products to  whishList" classname="Logged user could add different products to Wishlist" time="11.593">
    <system-out><![CDATA[
@regression @closeWhishList
Scenario: logged user can add products to  whishList          # src/resources/features/F08-Wishlist.feature:4
  Given user login with valid username and valid password     # org.example.stepDefinition.D06_addToWishListStepDefinition.user_login_with_valid_username_and_valid_password()
  When press on wishList Button on any product from Home Page # org.example.stepDefinition.D06_addToWishListStepDefinition.press_on_wishList_Button_on_any_product_from_Home_Page()
  Then product added to whishList                             # org.example.stepDefinition.D06_addToWishListStepDefinition.product_added_to_whishList()
]]></system-out>
    <system-err><![CDATA[Starting ChromeDriver 108.0.5359.71 (1e0e3868ee06e91ad636a874420e3ca3ae3756ac-refs/branch-heads/5359@{#1016}) on port 17897
Only local connections are allowed.
Please see https://chromedriver.chromium.org/security-considerations for suggestions on keeping ChromeDriver safe.
ChromeDriver was started successfully.
Dec 20, 2022 2:47:25 PM org.openqa.selenium.devtools.CdpVersionFinder findNearestMatch
WARNING: Unable to find an exact match for CDP version 108, so returning the closest version found: 107
]]></system-err>
  </testcase>
</testsuite>