<?xml version="1.0" encoding="UTF-8" standalone="no"?>
<testsuite errors="0" failures="1" name="io.cucumber.core.plugin.JUnitFormatter" skipped="0" tests="13" time="254.692">
<testcase classname="user should be able to register to the E-commerce site" name="user could register with valid data" time="36.712">
<system-out><![CDATA[Given user navigate to signup page..........................................passed
When user enter valid data..................................................passed
And user click create account button........................................passed
Then user can create account successfully and go to homepage................passed
]]></system-out>
</testcase>
<testcase classname="user should be able to login to the E-commerce site" name="user could login with valid data" time="37.924">
<system-out><![CDATA[Given user navigate to login page...........................................passed
When user enter valid "victoria_victoria@nopCommerce.com" and valid "123456".passed
And user click login button.................................................passed
Then user can login successfully and go homepage............................passed
]]></system-out>
</testcase>
<testcase classname="User could reset his/her password successfully" name="user could rest password with valid Email" time="10.525">
<system-out><![CDATA[Given user navigate to home page............................................passed
When user click forget password button......................................passed
And user enter valid Email and user click recover Button....................passed
Then user recieve Instruction mail to rest password.........................passed
]]></system-out>
</testcase>
<testcase classname="Logged User could search for any product" name="user can search for products" time="12.569">
<system-out><![CDATA[Given user navigate to login page and enter valid username and password.....passed
When user search for product by "macbook"...................................passed
And click search button.....................................................passed
Then redirect to search page that contain "macbook".........................passed
]]></system-out>
</testcase>
<testcase classname="Logged User could search for any product" name="user can search for products 2" time="12.575">
<system-out><![CDATA[Given user navigate to login page and enter valid username and password.....passed
When user search for product by "laptop"....................................passed
And click search button.....................................................passed
Then redirect to search page that contain "laptop"..........................passed
]]></system-out>
</testcase>
<testcase classname="Logged User could search for any product" name="user can search for products 3" time="18.175">
<system-out><![CDATA[Given user navigate to login page and enter valid username and password.....passed
When user search for product by "nike"......................................passed
And click search button.....................................................passed
Then redirect to search page that contain "nike"............................passed
]]></system-out>
</testcase>
<testcase classname="Logged User could switch between currencies US-Euro" name="logged user can switch between currencies" time="10.857">
<system-out><![CDATA[Given user login with valid username and password...........................passed
When user switch between currencies.........................................passed
Then currency of product changed............................................passed
]]></system-out>
</testcase>
<testcase classname="Logged user could select different Categories" name="user could select different categories and sub categories" time="7.954">
<system-out><![CDATA[Given user open home page...................................................passed
When user hover on category and user click on sub category..................passed
Then user redirect to the page of selected sub-category.....................passed
]]></system-out>
</testcase>
<testcase classname="Logged user could choose different tags" name="logged user can choose different tags" time="15.86">
<system-out><![CDATA[Given user login with valid username and valid password choose different tags.passed
When press on any product from Home Page....................................passed
And choose any tag..........................................................passed
Then rdirect to page of products that have same choosen tag.................passed
]]></system-out>
</testcase>
<testcase classname="Logged user could add different products to  Shopping Cart" name="logged user can add products to  Shopping Cart" time="14.032">
<system-out><![CDATA[Given user login with valid username and valid password to add to Shopping Cart.passed
When press on add to cart Button on any product from Home Page..............passed
Then product added to shopping cart.........................................passed
]]></system-out>
</testcase>
<testcase classname="Logged user could add different products to Wishlist" name="logged user can add products to  whishList" time="23.438">
<system-out><![CDATA[Given user login with valid username and valid password.....................passed
When press on wishList Button on any product from Home Page.................passed
Then product added to whishList.............................................passed
]]></system-out>
</testcase>
<testcase classname="Logged user could add different products to compare List" name="logged user can add products to compare List" time="23.768">
<system-out><![CDATA[Given user navigate to home page URL........................................passed
When press on to compare List Button on any product from Home Page..........passed
Then product added to Compare List..........................................passed
]]></system-out>
</testcase>
<testcase classname="Logged user can create order" name="logged user can create order" time="29.694">
<failure message="element not interactable&#10;  (Session info: chrome=108.0.5359.125)&#10;Build info: version: '4.6.0', revision: '79f1c02ae20'&#10;System info: os.name: 'Windows 10', os.arch: 'amd64', os.version: '10.0', java.version: '1.8.0_112'&#10;Driver info: org.openqa.selenium.chrome.ChromeDriver&#10;Command: [41580649186131a61aa1fd009d41b132, clickElement {id=7c0080db-fdcf-4a67-b1a9-8c7a86bf2e76}]&#10;Capabilities {acceptInsecureCerts: false, browserName: chrome, browserVersion: 108.0.5359.125, chrome: {chromedriverVersion: 108.0.5359.71 (1e0e3868ee06..., userDataDir: C:\Users\MOHAME~1.KOT\AppDa...}, goog:chromeOptions: {debuggerAddress: localhost:51729}, networkConnectionEnabled: false, pageLoadStrategy: normal, platformName: WINDOWS, proxy: Proxy(), se:cdp: ws://localhost:51729/devtoo..., se:cdpVersion: 108.0.5359.125, setWindowRect: true, strictFileInteractability: false, timeouts: {implicit: 0, pageLoad: 300000, script: 30000}, unhandledPromptBehavior: dismiss and notify, webauthn:extension:credBlob: true, webauthn:extension:largeBlob: true, webauthn:virtualAuthenticators: true}&#10;Element: [[ChromeDriver: chrome on WINDOWS (41580649186131a61aa1fd009d41b132)] -&gt; css selector: button[class=&quot;button-1 shipping-method-next-step-button&quot;]]&#10;Session ID: 41580649186131a61aa1fd009d41b132" type="org.openqa.selenium.ElementNotInteractableException"><![CDATA[Given user login with valid username and valid password and product add to Shopping Cart.passed
When Open Shopping cart and  check Term of Services.........................passed
And Click checkout Button...................................................passed
And choose address and Click Continue Button................................passed
And Choose shipping method and Click Continue Button........................failed
And Choose payment method and Click Continue Button.........................skipped
And check personal information and Click Continue Button....................skipped
And Click Confirm Button....................................................skipped
Then Order is processed successfully........................................skipped

StackTrace:
org.openqa.selenium.ElementNotInteractableException: element not interactable
  (Session info: chrome=108.0.5359.125)
Build info: version: '4.6.0', revision: '79f1c02ae20'
System info: os.name: 'Windows 10', os.arch: 'amd64', os.version: '10.0', java.version: '1.8.0_112'
Driver info: org.openqa.selenium.chrome.ChromeDriver
Command: [41580649186131a61aa1fd009d41b132, clickElement {id=7c0080db-fdcf-4a67-b1a9-8c7a86bf2e76}]
Capabilities {acceptInsecureCerts: false, browserName: chrome, browserVersion: 108.0.5359.125, chrome: {chromedriverVersion: 108.0.5359.71 (1e0e3868ee06..., userDataDir: C:\Users\MOHAME~1.KOT\AppDa...}, goog:chromeOptions: {debuggerAddress: localhost:51729}, networkConnectionEnabled: false, pageLoadStrategy: normal, platformName: WINDOWS, proxy: Proxy(), se:cdp: ws://localhost:51729/devtoo..., se:cdpVersion: 108.0.5359.125, setWindowRect: true, strictFileInteractability: false, timeouts: {implicit: 0, pageLoad: 300000, script: 30000}, unhandledPromptBehavior: dismiss and notify, webauthn:extension:credBlob: true, webauthn:extension:largeBlob: true, webauthn:virtualAuthenticators: true}
Element: [[ChromeDriver: chrome on WINDOWS (41580649186131a61aa1fd009d41b132)] -> css selector: button[class="button-1 shipping-method-next-step-button"]]
Session ID: 41580649186131a61aa1fd009d41b132
	at sun.reflect.NativeConstructorAccessorImpl.newInstance0(Native Method)
	at sun.reflect.NativeConstructorAccessorImpl.newInstance(NativeConstructorAccessorImpl.java:62)
	at sun.reflect.DelegatingConstructorAccessorImpl.newInstance(DelegatingConstructorAccessorImpl.java:45)
	at java.lang.reflect.Constructor.newInstance(Constructor.java:423)
	at org.openqa.selenium.remote.codec.w3c.W3CHttpResponseCodec.createException(W3CHttpResponseCodec.java:200)
	at org.openqa.selenium.remote.codec.w3c.W3CHttpResponseCodec.decode(W3CHttpResponseCodec.java:133)
	at org.openqa.selenium.remote.codec.w3c.W3CHttpResponseCodec.decode(W3CHttpResponseCodec.java:53)
	at org.openqa.selenium.remote.HttpCommandExecutor.execute(HttpCommandExecutor.java:184)
	at org.openqa.selenium.remote.service.DriverCommandExecutor.invokeExecute(DriverCommandExecutor.java:167)
	at org.openqa.selenium.remote.service.DriverCommandExecutor.execute(DriverCommandExecutor.java:142)
	at org.openqa.selenium.remote.RemoteWebDriver.execute(RemoteWebDriver.java:541)
	at org.openqa.selenium.remote.RemoteWebElement.execute(RemoteWebElement.java:257)
	at org.openqa.selenium.remote.RemoteWebElement.click(RemoteWebElement.java:78)
	at org.example.stepDefinition.D12_CreateOrder.choose_shippingMethod_and_Click_ContinueButton(D12_CreateOrder.java:49)
	at âœ½.Choose shipping method and Click Continue Button(file:///E:/demo/ECommerce_project2/src/resources/features/F12_CreateOrder.feature:9)
]]></failure>
</testcase>
</testsuite>
